<?xml version="1.0" encoding="UTF-8"?>
<!-- Generated by org.testng.reporters.JUnitReportReporter -->
<testsuite hostname="Vijay" failures="0" tests="1" name="TestNg.DataProvder" time="0.000" errors="0" timestamp="2024-12-18T08:14:28 IST" skipped="1">
  <testcase classname="TestNg.DataProvder" name="booktickets" time="0.000">
    <skipped/>
  </testcase> <!-- booktickets -->
  <system-out/>
</testsuite> <!-- TestNg.DataProvder -->
