<?xml version="1.0" encoding="UTF-8"?>
<!-- Generated by org.testng.reporters.JUnitReportReporter -->
<testsuite hostname="Vijay" failures="0" tests="3" name="TestNg.SampleTest" time="0.015" errors="0" timestamp="2024-12-26T08:04:57 IST" skipped="0">
  <testcase classname="TestNg.SampleTest" name="deleteContact" time="0.013"/>
  <system-out/>
  <testcase classname="TestNg.SampleTest" name="modifyContact" time="0.001"/>
  <system-out/>
  <testcase classname="TestNg.SampleTest" name="createContact" time="0.001"/>
  <system-out/>
</testsuite> <!-- TestNg.SampleTest -->
