<?xml version="1.0" encoding="UTF-8"?>
<!-- Generated by org.testng.reporters.JUnitReportReporter -->
<testsuite hostname="Vijay" failures="0" tests="4" name="TestNg.DataProviderorg" time="90.856" errors="0" timestamp="2024-12-19T08:34:48 IST" skipped="0">
  <testcase classname="TestNg.DataProviderorg" name="createOrganization" time="13.330"/>
  <system-out/>
  <testcase classname="TestNg.DataProviderorg" name="createOrganization" time="51.056"/>
  <system-out/>
  <testcase classname="TestNg.DataProviderorg" name="createOrganization" time="13.547"/>
  <system-out/>
  <testcase classname="TestNg.DataProviderorg" name="createOrganization" time="12.923"/>
  <system-out/>
</testsuite> <!-- TestNg.DataProviderorg -->
