<?xml version="1.0" encoding="UTF-8"?>
<!-- Generated by org.testng.reporters.JUnitReportReporter -->
<testsuite hostname="Vijay" failures="0" tests="3" name="TestNg.DataProviders" time="0.014" errors="0" timestamp="2024-12-18T08:24:15 IST" skipped="0">
  <testcase classname="TestNg.DataProviders" name="booktickets" time="0.002"/>
  <system-out/>
  <testcase classname="TestNg.DataProviders" name="booktickets" time="0.010"/>
  <system-out/>
  <testcase classname="TestNg.DataProviders" name="booktickets" time="0.002"/>
  <system-out/>
</testsuite> <!-- TestNg.DataProviders -->
