<?xml version="1.0" encoding="UTF-8"?>
<!-- Generated by org.testng.reporters.JUnitReportReporter -->
<testsuite hostname="Vijay" failures="0" tests="3" name="TestNg.DataProviderEx3" time="96.542" errors="0" timestamp="2024-12-26T08:12:24 IST" skipped="0">
  <testcase classname="TestNg.DataProviderEx3" name="createOrganization" time="36.542"/>
  <system-out/>
  <testcase classname="TestNg.DataProviderEx3" name="createOrganization" time="30.464"/>
  <system-out/>
  <testcase classname="TestNg.DataProviderEx3" name="createOrganization" time="29.536"/>
  <system-out/>
</testsuite> <!-- TestNg.DataProviderEx3 -->
